# JRE version: Java(TM) SE Runtime Environment (8.0_72-b15) (build 1.8.0_72-b15)
# Java VM: Java HotSpot(TM) 64-Bit Server VM (25.72-b15 mixed mode linux-amd64 compressed oops)
Heap:
 PSYoungGen      total 156160K, used 0K [0x00000000eba00000, 0x00000000ff900000, 0x0000000100000000)
  eden space 111616K, 0% used [0x00000000eba00000,0x00000000eba00000,0x00000000f2700000)
  from space 44544K, 0% used [0x00000000f2700000,0x00000000f2700000,0x00000000f5280000)
  to   space 107520K, 0% used [0x00000000f9000000,0x00000000f9000000,0x00000000ff900000)
 ParOldGen       total 360448K, used 355229K [0x00000000c2e00000, 0x00000000d8e00000, 0x00000000eba00000)
  object space 360448K, 98% used [0x00000000c2e00000,0x00000000d88e7578,0x00000000d8e00000)
 Metaspace       used 14035K, capacity 14610K, committed 14976K, reserved 1062912K
  class space    used 1893K, capacity 2061K, committed 2176K, reserved 1048576K
GC Heap History (10 events):
Event: 12.059 GC heap after
Heap after GC invocations=21 (full 4):
 PSYoungGen      total 152576K, used 39689K [0x00000000eba00000, 0x00000000ffa00000, 0x0000000100000000)
  eden space 111616K, 0% used [0x00000000eba00000,0x00000000eba00000,0x00000000f2700000)
  from space 40960K, 96% used [0x00000000f2700000,0x00000000f4dc2518,0x00000000f4f00000)
  to   space 108032K, 0% used [0x00000000f9080000,0x00000000f9080000,0x00000000ffa00000)
 ParOldGen       total 360448K, used 230837K [0x00000000c2e00000, 0x00000000d8e00000, 0x00000000eba00000)
  object space 360448K, 64% used [0x00000000c2e00000,0x00000000d0f6d5f0,0x00000000d8e00000)
 Metaspace       used 14008K, capacity 14514K, committed 14592K, reserved 1062912K
  class space    used 1890K, capacity 2029K, committed 2048K, reserved 1048576K
}
Event: 12.413 GC heap before
{Heap before GC invocations=22 (full 4):
 PSYoungGen      total 152576K, used 151305K [0x00000000eba00000, 0x00000000ffa00000, 0x0000000100000000)
  eden space 111616K, 100% used [0x00000000eba00000,0x00000000f2700000,0x00000000f2700000)
  from space 40960K, 96% used [0x00000000f2700000,0x00000000f4dc2518,0x00000000f4f00000)
  to   space 108032K, 0% used [0x00000000f9080000,0x00000000f9080000,0x00000000ffa00000)
 ParOldGen       total 360448K, used 230837K [0x00000000c2e00000, 0x00000000d8e00000, 0x00000000eba00000)
  object space 360448K, 64% used [0x00000000c2e00000,0x00000000d0f6d5f0,0x00000000d8e00000)
 Metaspace       used 14016K, capacity 14546K, committed 14720K, reserved 1062912K
  class space    used 1893K, capacity 2061K, committed 2176K, reserved 1048576K
Event: 12.558 GC heap after
Heap after GC invocations=22 (full 4):
 PSYoungGen      total 221184K, used 58320K [0x00000000eba00000, 0x0000000100000000, 0x0000000100000000)
  eden space 113152K, 0% used [0x00000000eba00000,0x00000000eba00000,0x00000000f2880000)
  from space 108032K, 53% used [0x00000000f9080000,0x00000000fc974050,0x00000000ffa00000)
  to   space 106496K, 0% used [0x00000000f2880000,0x00000000f2880000,0x00000000f9080000)
 ParOldGen       total 360448K, used 230845K [0x00000000c2e00000, 0x00000000d8e00000, 0x00000000eba00000)
  object space 360448K, 64% used [0x00000000c2e00000,0x00000000d0f6f5f0,0x00000000d8e00000)
 Metaspace       used 14016K, capacity 14546K, committed 14720K, reserved 1062912K
  class space    used 1893K, capacity 2061K, committed 2176K, reserved 1048576K
}
Event: 12.936 GC heap before
{Heap before GC invocations=23 (full 4):
 PSYoungGen      total 221184K, used 171472K [0x00000000eba00000, 0x0000000100000000, 0x0000000100000000)
  eden space 113152K, 100% used [0x00000000eba00000,0x00000000f2880000,0x00000000f2880000)
  from space 108032K, 53% used [0x00000000f9080000,0x00000000fc974050,0x00000000ffa00000)
  to   space 106496K, 0% used [0x00000000f2880000,0x00000000f2880000,0x00000000f9080000)
 ParOldGen       total 360448K, used 230845K [0x00000000c2e00000, 0x00000000d8e00000, 0x00000000eba00000)
  object space 360448K, 64% used [0x00000000c2e00000,0x00000000d0f6f5f0,0x00000000d8e00000)
 Metaspace       used 14027K, capacity 14610K, committed 14976K, reserved 1062912K
  class space    used 1893K, capacity 2061K, committed 2176K, reserved 1048576K
Event: 13.023 GC heap after
Heap after GC invocations=23 (full 4):
 PSYoungGen      total 219648K, used 80768K [0x00000000eba00000, 0x0000000100000000, 0x0000000100000000)
  eden space 113152K, 0% used [0x00000000eba00000,0x00000000eba00000,0x00000000f2880000)
  from space 106496K, 75% used [0x00000000f2880000,0x00000000f7760098,0x00000000f9080000)
  to   space 111104K, 0% used [0x00000000f9380000,0x00000000f9380000,0x0000000100000000)
 ParOldGen       total 360448K, used 230853K [0x00000000c2e00000, 0x00000000d8e00000, 0x00000000eba00000)
  object space 360448K, 64% used [0x00000000c2e00000,0x00000000d0f715f0,0x00000000d8e00000)
 Metaspace       used 14027K, capacity 14610K, committed 14976K, reserved 1062912K
  class space    used 1893K, capacity 2061K, committed 2176K, reserved 1048576K
}
Event: 13.397 GC heap before
{Heap before GC invocations=24 (full 4):
 PSYoungGen      total 219648K, used 193920K [0x00000000eba00000, 0x0000000100000000, 0x0000000100000000)
  eden space 113152K, 100% used [0x00000000eba00000,0x00000000f2880000,0x00000000f2880000)
  from space 106496K, 75% used [0x00000000f2880000,0x00000000f7760098,0x00000000f9080000)
  to   space 111104K, 0% used [0x00000000f9380000,0x00000000f9380000,0x0000000100000000)
 ParOldGen       total 360448K, used 230853K [0x00000000c2e00000, 0x00000000d8e00000, 0x00000000eba00000)
  object space 360448K, 64% used [0x00000000c2e00000,0x00000000d0f715f0,0x00000000d8e00000)
 Metaspace       used 14033K, capacity 14610K, committed 14976K, reserved 1062912K
  class space    used 1893K, capacity 2061K, committed 2176K, reserved 1048576K
Event: 13.557 GC heap after
Heap after GC invocations=24 (full 4):
 PSYoungGen      total 222720K, used 65504K [0x00000000eba00000, 0x0000000100000000, 0x0000000100000000)
  eden space 111616K, 0% used [0x00000000eba00000,0x00000000eba00000,0x00000000f2700000)
  from space 111104K, 58% used [0x00000000f9380000,0x00000000fd378078,0x0000000100000000)
  to   space 111104K, 0% used [0x00000000f2700000,0x00000000f2700000,0x00000000f9380000)
 ParOldGen       total 360448K, used 270036K [0x00000000c2e00000, 0x00000000d8e00000, 0x00000000eba00000)
  object space 360448K, 74% used [0x00000000c2e00000,0x00000000d35b5100,0x00000000d8e00000)
 Metaspace       used 14033K, capacity 14610K, committed 14976K, reserved 1062912K
  class space    used 1893K, capacity 2061K, committed 2176K, reserved 1048576K
}
Event: 13.919 GC heap before
{Heap before GC invocations=25 (full 4):
 PSYoungGen      total 222720K, used 177120K [0x00000000eba00000, 0x0000000100000000, 0x0000000100000000)
  eden space 111616K, 100% used [0x00000000eba00000,0x00000000f2700000,0x00000000f2700000)
  from space 111104K, 58% used [0x00000000f9380000,0x00000000fd378078,0x0000000100000000)
  to   space 111104K, 0% used [0x00000000f2700000,0x00000000f2700000,0x00000000f9380000)
 ParOldGen       total 360448K, used 270036K [0x00000000c2e00000, 0x00000000d8e00000, 0x00000000eba00000)
  object space 360448K, 74% used [0x00000000c2e00000,0x00000000d35b5100,0x00000000d8e00000)
 Metaspace       used 14035K, capacity 14610K, committed 14976K, reserved 1062912K
  class space    used 1893K, capacity 2061K, committed 2176K, reserved 1048576K
Event: 14.061 GC heap after
Heap after GC invocations=25 (full 4):
 PSYoungGen      total 156160K, used 44480K [0x00000000eba00000, 0x00000000ff900000, 0x0000000100000000)
  eden space 111616K, 0% used [0x00000000eba00000,0x00000000eba00000,0x00000000f2700000)
  from space 44544K, 99% used [0x00000000f2700000,0x00000000f5270020,0x00000000f5280000)
  to   space 107520K, 0% used [0x00000000f9000000,0x00000000f9000000,0x00000000ff900000)
 ParOldGen       total 360448K, used 311764K [0x00000000c2e00000, 0x00000000d8e00000, 0x00000000eba00000)
  object space 360448K, 86% used [0x00000000c2e00000,0x00000000d5e75048,0x00000000d8e00000)
 Metaspace       used 14035K, capacity 14610K, committed 14976K, reserved 1062912K
  class space    used 1893K, capacity 2061K, committed 2176K, reserved 1048576K
}
Event: 14.062 GC heap before
{Heap before GC invocations=26 (full 5):
 PSYoungGen      total 156160K, used 44480K [0x00000000eba00000, 0x00000000ff900000, 0x0000000100000000)
  eden space 111616K, 0% used [0x00000000eba00000,0x00000000eba00000,0x00000000f2700000)
  from space 44544K, 99% used [0x00000000f2700000,0x00000000f5270020,0x00000000f5280000)
  to   space 107520K, 0% used [0x00000000f9000000,0x00000000f9000000,0x00000000ff900000)
 ParOldGen       total 360448K, used 311764K [0x00000000c2e00000, 0x00000000d8e00000, 0x00000000eba00000)
  object space 360448K, 86% used [0x00000000c2e00000,0x00000000d5e75048,0x00000000d8e00000)
 Metaspace       used 14035K, capacity 14610K, committed 14976K, reserved 1062912K
  class space    used 1893K, capacity 2061K, committed 2176K, reserved 1048576K

